<?xml version="1.0" encoding="UTF-8"?>
<!-- Generated by org.testng.reporters.JUnitXMLReporter -->
<testsuite hostname="DESKTOP-27L8JE7" ignored="0" name="Test" tests="1" failures="1" timestamp="03 Feb 2020 13:48:55 GMT" time="14.756" errors="0">
  <testcase name="login" time="4.695" classname="com.POM.POM_001">
    <failure type="java.lang.AssertionError" message="expected [Authentication failed] but found [Authentication failed.]">
      <![CDATA[java.lang.AssertionError: expected [Authentication failed] but found [Authentication failed.]
at com.POM.POM_001.login(POM_001.java:32)
... Removed 31 stack frames]]>
    </failure>
  </testcase> <!-- login -->
</testsuite> <!-- Test -->
