<?xml version="1.0" encoding="UTF-8"?>
<!-- Generated by org.testng.reporters.JUnitXMLReporter -->
<testsuite hostname="DESKTOP-27L8JE7" ignored="0" name="Default test" tests="3" failures="0" timestamp="31 Jan 2020 13:53:23 GMT" time="25.118" errors="0">
  <testcase name="f" time="23.573" classname="com.excels.TC_003"/>
  <testcase name="f" time="0.012" classname="com.excels.TC_003">
    <skipped/>
  </testcase> <!-- f -->
  <testcase name="f" time="0.002" classname="com.excels.TC_003">
    <skipped/>
  </testcase> <!-- f -->
</testsuite> <!-- Default test -->
