<?xml version="1.0" encoding="UTF-8"?>
<!-- Generated by org.testng.reporters.JUnitXMLReporter -->
<testsuite hostname="DESKTOP-27L8JE7" ignored="6" name="Default test" tests="1" failures="0" timestamp="10 Feb 2020 13:39:18 GMT" time="21.942" errors="0">
  <testcase name="autoSuggestion" time="9.542" classname="actionsAndJavaScriptExecutors.MouseOperations"/>
  <testcase name="dragAnddrop" time="0.0" classname="actionsAndJavaScriptExecutors.MouseOperations">
    <ignored/>
  </testcase> <!-- dragAnddrop -->
  <testcase name="MoveToelement" time="0.0" classname="actionsAndJavaScriptExecutors.MouseOperations">
    <ignored/>
  </testcase> <!-- MoveToelement -->
  <testcase name="resizeMethod" time="0.0" classname="actionsAndJavaScriptExecutors.MouseOperations">
    <ignored/>
  </testcase> <!-- resizeMethod -->
  <testcase name="slider" time="0.0" classname="actionsAndJavaScriptExecutors.MouseOperations">
    <ignored/>
  </testcase> <!-- slider -->
  <testcase name="Browserslider" time="0.0" classname="actionsAndJavaScriptExecutors.MouseOperations">
    <ignored/>
  </testcase> <!-- Browserslider -->
  <testcase name="rightClickMethod" time="0.0" classname="actionsAndJavaScriptExecutors.MouseOperations">
    <ignored/>
  </testcase> <!-- rightClickMethod -->
</testsuite> <!-- Default test -->
