<?xml version="1.0" encoding="UTF-8"?>
<testng-results skipped="0" failed="0" ignored="0" total="1" passed="1">
  <reporter-output>
  </reporter-output>
  <suite name="Default suite" duration-ms="25650" started-at="2020-01-09T19:16:59 IST" finished-at="2020-01-09T19:17:24 IST">
    <groups>
    </groups>
    <test name="Default test" duration-ms="25650" started-at="2020-01-09T19:16:59 IST" finished-at="2020-01-09T19:17:24 IST">
      <class name="errorScreenShots.ScreenshotOnFailure">
        <test-method status="PASS" signature="setUp()[pri:0, instance:errorScreenShots.ScreenshotOnFailure@2b2948e2]" name="setUp" is-config="true" duration-ms="13505" started-at="2020-01-09T19:16:59 IST" finished-at="2020-01-09T19:17:12 IST">
          <reporter-output>
          </reporter-output>
        </test-method> <!-- setUp -->
        <test-method status="PASS" signature="getScreenshot()[pri:0, instance:errorScreenShots.ScreenshotOnFailure@2b2948e2]" name="getScreenshot" duration-ms="11074" started-at="2020-01-09T19:17:12 IST" finished-at="2020-01-09T19:17:23 IST">
          <reporter-output>
          </reporter-output>
        </test-method> <!-- getScreenshot -->
        <test-method status="PASS" signature="tearDown()[pri:0, instance:errorScreenShots.ScreenshotOnFailure@2b2948e2]" name="tearDown" is-config="true" duration-ms="995" started-at="2020-01-09T19:17:23 IST" finished-at="2020-01-09T19:17:24 IST">
          <reporter-output>
          </reporter-output>
        </test-method> <!-- tearDown -->
      </class> <!-- errorScreenShots.ScreenshotOnFailure -->
    </test> <!-- Default test -->
  </suite> <!-- Default suite -->
</testng-results>
