<?xml version="1.0" encoding="UTF-8"?>
<testng-results skipped="0" failed="0" ignored="0" total="1" passed="1">
  <reporter-output>
  </reporter-output>
  <suite name="Default suite" duration-ms="138" started-at="2020-02-19T14:06:13Z" finished-at="2020-02-19T14:06:13Z">
    <groups>
    </groups>
    <test name="Default test" duration-ms="138" started-at="2020-02-19T14:06:13Z" finished-at="2020-02-19T14:06:13Z">
      <class name="com.project.suitea.LoginTest">
        <test-method status="PASS" signature="init()[pri:0, instance:com.project.suitea.LoginTest@1bce4f0a]" name="init" is-config="true" duration-ms="42" started-at="2020-02-19T14:06:13Z" finished-at="2020-02-19T14:06:13Z">
          <reporter-output>
          </reporter-output>
        </test-method> <!-- init -->
        <test-method status="PASS" signature="f()[pri:0, instance:com.project.suitea.LoginTest@1bce4f0a]" name="f" duration-ms="31" started-at="2020-02-19T14:06:13Z" finished-at="2020-02-19T14:06:13Z">
          <reporter-output>
          </reporter-output>
        </test-method> <!-- f -->
      </class> <!-- com.project.suitea.LoginTest -->
    </test> <!-- Default test -->
  </suite> <!-- Default suite -->
</testng-results>
