<?xml version="1.0" encoding="UTF-8"?>
<testng-results skipped="0" failed="0" ignored="0" total="1" passed="1">
  <reporter-output>
  </reporter-output>
  <suite name="Default suite" duration-ms="47432" started-at="2020-02-12T13:23:16Z" finished-at="2020-02-12T13:24:03Z">
    <groups>
    </groups>
    <test name="Default test" duration-ms="47432" started-at="2020-02-12T13:23:16Z" finished-at="2020-02-12T13:24:03Z">
      <class name="webtables.WebTables">
        <test-method status="PASS" signature="setUp()[pri:0, instance:webtables.WebTables@5e3a8624]" name="setUp" is-config="true" duration-ms="16131" started-at="2020-02-12T13:23:16Z" finished-at="2020-02-12T13:23:32Z">
          <reporter-output>
          </reporter-output>
        </test-method> <!-- setUp -->
        <test-method status="PASS" signature="dynamicTable()[pri:0, instance:webtables.WebTables@5e3a8624]" name="dynamicTable" duration-ms="31225" started-at="2020-02-12T13:23:32Z" finished-at="2020-02-12T13:24:03Z">
          <reporter-output>
          </reporter-output>
        </test-method> <!-- dynamicTable -->
        <test-method status="PASS" signature="tearDown()[pri:0, instance:webtables.WebTables@5e3a8624]" name="tearDown" is-config="true" duration-ms="0" started-at="2020-02-12T13:24:03Z" finished-at="2020-02-12T13:24:03Z">
          <reporter-output>
          </reporter-output>
        </test-method> <!-- tearDown -->
      </class> <!-- webtables.WebTables -->
    </test> <!-- Default test -->
  </suite> <!-- Default suite -->
</testng-results>
