<?xml version="1.0" encoding="UTF-8"?>
<testng-results skipped="0" failed="0" ignored="0" total="0" passed="0">
  <reporter-output>
  </reporter-output>
  <suite name="com.project.CarrierIT.BaseTest" duration-ms="15" started-at="2020-01-20T13:33:01Z" finished-at="2020-01-20T13:33:01Z">
    <groups>
    </groups>
    <test name="Command line test" duration-ms="15" started-at="2020-01-20T13:33:01Z" finished-at="2020-01-20T13:33:01Z">
    </test> <!-- Command line test -->
  </suite> <!-- com.project.CarrierIT.BaseTest -->
</testng-results>
